<?xml version="1.0" encoding="UTF-8"?>
<!-- Generated by org.testng.reporters.JUnitReportReporter -->
<testsuite hostname="Saran" failures="0" tests="1" name="tests.AppointmentTest" time="7.566" errors="0" timestamp="2025-09-01T21:10:19 IST" skipped="0">
  <testcase classname="tests.AppointmentTest" name="testCreateAndSearchAppointment" time="7.566"/>
</testsuite> <!-- tests.AppointmentTest -->
