<?xml version="1.0" encoding="UTF-8"?>
<!-- Generated by org.testng.reporters.JUnitReportReporter -->
<testsuite hostname="Saran" failures="0" tests="1" name="tests.ConditionTest" time="9.451" errors="0" timestamp="2025-09-01T21:10:19 IST" skipped="0">
  <testcase classname="tests.ConditionTest" name="testCreateAndSearchCondition" time="9.451"/>
</testsuite> <!-- tests.ConditionTest -->
