<?xml version="1.0" encoding="UTF-8"?>
<!-- Generated by org.testng.reporters.JUnitReportReporter -->
<testsuite hostname="Saran" failures="0" tests="1" name="tests.PatientTest" time="0.952" errors="0" timestamp="2025-09-01T21:10:19 IST" skipped="0">
  <testcase classname="tests.PatientTest" name="testCreatePatient" time="0.952"/>
</testsuite> <!-- tests.PatientTest -->
