<?xml version="1.0" encoding="UTF-8"?>
<!-- Generated by org.testng.reporters.JUnitReportReporter -->
<testsuite hostname="Saran" failures="0" tests="1" name="tests.EncounterTest" time="6.117" errors="0" timestamp="2025-09-01T21:10:19 IST" skipped="0">
  <testcase classname="tests.EncounterTest" name="testCreateAndSearchEncounter" time="6.117"/>
</testsuite> <!-- tests.EncounterTest -->
